\BOOKMARK [0][-]{dummy.1}{\376\377\000D\000e\000c\000l\000a\000r\000a\000t\000i\000o\000n\000\040\000o\000f\000\040\000A\000u\000t\000h\000o\000r\000s\000h\000i\000p}{}% 1
\BOOKMARK [0][-]{dummy.2}{\376\377\000A\000b\000s\000t\000r\000a\000c\000t}{}% 2
\BOOKMARK [0][-]{dummy.3}{\376\377\000A\000c\000k\000n\000o\000w\000l\000e\000d\000g\000e\000m\000e\000n\000t\000s}{}% 3
\BOOKMARK [0][-]{dummy.4}{\376\377\000C\000o\000n\000t\000e\000n\000t\000s}{}% 4
\BOOKMARK [0][-]{dummy.6}{\376\377\000L\000i\000s\000t\000\040\000o\000f\000\040\000F\000i\000g\000u\000r\000e\000s}{}% 5
\BOOKMARK [0][-]{dummy.8}{\376\377\000L\000i\000s\000t\000\040\000o\000f\000\040\000T\000a\000b\000l\000e\000s}{}% 6
\BOOKMARK [0][-]{dummy.10}{\376\377\000A\000b\000b\000r\000e\000v\000i\000a\000t\000i\000o\000n\000s}{}% 7
\BOOKMARK [0][-]{dummy.13}{\376\377\000P\000h\000y\000s\000i\000c\000a\000l\000\040\000C\000o\000n\000s\000t\000a\000n\000t\000s}{}% 8
\BOOKMARK [0][-]{dummy.16}{\376\377\000S\000y\000m\000b\000o\000l\000s}{}% 9
\BOOKMARK [0][-]{chapter.19}{\376\377\0001\000\040\000I\000n\000t\000r\000o\000d\000u\000c\000t\000i\000o\000n\000\040\000a\000n\000d\000\040\000B\000a\000c\000k\000g\000r\000o\000u\000n\000d}{}% 10
\BOOKMARK [1][-]{section.20}{\376\377\0001\000.\0001\000\040\000W\000i\000n\000d\000\040\000P\000o\000w\000e\000r}{chapter.19}% 11
\BOOKMARK [1][-]{section.22}{\376\377\0001\000.\0002\000\040\000W\000i\000n\000d\000\040\000T\000u\000r\000b\000i\000n\000e\000\040\000C\000o\000n\000t\000r\000o\000l}{chapter.19}% 12
\BOOKMARK [1][-]{section.25}{\376\377\0001\000.\0003\000\040\000A\000d\000v\000a\000n\000c\000e\000d\000\040\000T\000u\000r\000b\000i\000n\000e\000\040\000C\000o\000n\000t\000r\000o\000l\000\040\000R\000e\000s\000e\000a\000r\000c\000h}{chapter.19}% 13
\BOOKMARK [1][-]{section.28}{\376\377\0001\000.\0004\000\040\000G\000o\000a\000l\000s\000\040\000o\000f\000\040\000T\000h\000i\000s\000\040\000R\000e\000s\000e\000a\000r\000c\000h}{chapter.19}% 14
\BOOKMARK [1][-]{section.30}{\376\377\0001\000.\0005\000\040\000D\000i\000s\000s\000e\000r\000t\000a\000t\000i\000o\000n\000\040\000O\000u\000t\000l\000i\000n\000e}{chapter.19}% 15
\BOOKMARK [0][-]{chapter.31}{\376\377\0002\000\040\000U\000s\000i\000n\000g\000\040\000a\000\040\000W\000i\000n\000d\000\040\000T\000u\000r\000b\000i\000n\000e\000\040\000a\000s\000\040\000a\000\040\000S\000e\000n\000s\000o\000r}{}% 16
\BOOKMARK [1][-]{section.32}{\376\377\0002\000.\0001\000\040\000I\000n\000t\000r\000o\000d\000u\000c\000t\000i\000o\000n}{chapter.31}% 17
\BOOKMARK [1][-]{section.34}{\376\377\0002\000.\0002\000\040\000D\000a\000t\000a\000\040\000f\000o\000r\000\040\000e\000v\000a\000l\000u\000a\000t\000i\000n\000g\000\040\000s\000e\000n\000s\000o\000r\000\040\000t\000e\000c\000h\000n\000i\000q\000u\000e\000s}{chapter.31}% 18
\BOOKMARK [1][-]{section.36}{\376\377\0002\000.\0003\000\040\000W\000i\000n\000d\000\040\000s\000p\000e\000e\000d\000\040\000e\000s\000t\000i\000m\000a\000t\000e\000\040\000b\000a\000s\000e\000d\000\040\000o\000n\000\040\000n\000a\000c\000e\000l\000l\000e\000\040\000t\000o\000p\000\040\000a\000n\000e\000m\000o\000m\000e\000t\000e\000r}{chapter.31}% 19
\BOOKMARK [2][-]{subsection.38}{\376\377\0002\000.\0003\000.\0001\000\040\000F\000e\000a\000s\000i\000b\000i\000l\000i\000t\000y}{section.36}% 20
\BOOKMARK [1][-]{section.47}{\376\377\0002\000.\0004\000\040\000T\000u\000r\000b\000i\000n\000e\000\040\000M\000o\000d\000e\000l\000\040\000B\000a\000s\000e\000d\000\040\000W\000i\000n\000d\000\040\000S\000p\000e\000e\000d\000\040\000E\000s\000t\000i\000m\000a\000t\000o\000r}{chapter.31}% 21
\BOOKMARK [2][-]{subsection.55}{\376\377\0002\000.\0004\000.\0001\000\040\000F\000e\000a\000s\000i\000b\000i\000l\000i\000t\000y}{section.47}% 22
\BOOKMARK [2][-]{subsection.61}{\376\377\0002\000.\0004\000.\0002\000\040\000E\000f\000f\000e\000c\000t\000\040\000o\000f\000\040\000r\000o\000t\000o\000r\000\040\000y\000a\000w\000\040\000m\000i\000s\000a\000l\000i\000g\000n\000m\000e\000n\000t}{section.47}% 23
\BOOKMARK [1][-]{section.67}{\376\377\0002\000.\0005\000\040\000C\000o\000n\000v\000e\000c\000t\000i\000o\000n\000\040\000s\000p\000e\000e\000d\000\040\000e\000s\000t\000i\000m\000a\000t\000i\000o\000n}{chapter.31}% 24
\BOOKMARK [2][-]{subsection.72}{\376\377\0002\000.\0005\000.\0001\000\040\000A\000\040\000f\000e\000w\000\040\000t\000h\000o\000u\000g\000h\000t\000s\000\040\000o\000n\000\040\000t\000h\000e\000\040\000l\000i\000m\000i\000t\000a\000t\000i\000o\000n\000s\000\040\000o\000f\000\040}{section.67}% 25
\BOOKMARK [0][-]{chapter.73}{\376\377\0003\000\040\000F\000e\000e\000d\000\040\000f\000o\000r\000w\000a\000r\000d\000\040\000o\000p\000t\000i\000m\000u\000m\000\040\000p\000i\000t\000c\000h\000\040\000c\000o\000n\000t\000r\000o\000l\000.}{}% 26
\BOOKMARK [1][-]{section.74}{\376\377\0003\000.\0001\000\040\000I\000n\000t\000r\000o\000d\000u\000c\000t\000i\000o\000n}{chapter.73}% 27
\BOOKMARK [1][-]{section.79}{\376\377\0003\000.\0002\000\040\000U\000s\000i\000n\000g\000\040\000F\000A\000S\000T\000\040\000t\000o\000\040\000M\000o\000d\000e\000l\000\040\000a\000\040\0002\000\040\000T\000u\000r\000b\000i\000n\000e\000\040\000S\000y\000s\000t\000e\000m}{chapter.73}% 28
\BOOKMARK [1][-]{section.82}{\376\377\0003\000.\0003\000\040\000C\000o\000n\000t\000r\000o\000l\000l\000e\000r\000\040\000D\000e\000s\000i\000g\000n}{chapter.73}% 29
\BOOKMARK [2][-]{subsection.83}{\376\377\0003\000.\0003\000.\0001\000\040\000I\000m\000p\000l\000e\000m\000e\000n\000t\000i\000n\000g\000\040\000F\000e\000e\000d\000\040\000F\000o\000r\000w\000a\000r\000d\000\040\000C\000o\000n\000t\000r\000o\000l}{section.82}% 30
\BOOKMARK [2][-]{subsection.86}{\376\377\0003\000.\0003\000.\0002\000\040\000C\000l\000o\000s\000e\000d\000\040\000L\000o\000o\000p\000\040\000C\000o\000n\000t\000r\000o\000l\000l\000e\000r}{section.82}% 31
\BOOKMARK [2][-]{subsection.89}{\376\377\0003\000.\0003\000.\0003\000\040\000F\000e\000e\000d\000\040\000F\000o\000r\000w\000a\000r\000d\000\040\000C\000o\000n\000t\000r\000o\000l\000l\000e\000r}{section.82}% 32
\BOOKMARK [1][-]{section.94}{\376\377\0003\000.\0004\000\040\000P\000e\000r\000f\000o\000r\000m\000a\000n\000c\000e\000\040\000W\000i\000t\000h\000\040\000P\000e\000r\000f\000e\000c\000t\000\040\000W\000i\000n\000d\000\040\000S\000p\000e\000e\000d\000\040\000K\000n\000o\000w\000l\000e\000d\000g\000e}{chapter.73}% 33
\BOOKMARK [2][-]{subsection.95}{\376\377\0003\000.\0004\000.\0001\000\040\000G\000u\000s\000t\000\040\000R\000e\000s\000p\000o\000n\000s\000e}{section.94}% 34
\BOOKMARK [2][-]{subsection.103}{\376\377\0003\000.\0004\000.\0002\000\040\000T\000u\000r\000b\000u\000l\000e\000n\000t\000\040\000W\000i\000n\000d\000\040\000R\000e\000s\000p\000o\000n\000s\000e}{section.94}% 35
\BOOKMARK [1][-]{section.112}{\376\377\0003\000.\0005\000\040\000P\000e\000r\000f\000o\000r\000m\000a\000n\000c\000e\000\040\000W\000i\000t\000h\000\040\000W\000i\000n\000d\000\040\000S\000p\000e\000e\000d\000\040\000E\000s\000t\000i\000m\000a\000t\000e\000\040\000F\000r\000o\000m\000\040\000U\000p\000w\000i\000n\000d\000\040\000T\000u\000r\000b\000i\000n\000e}{chapter.73}% 36
\BOOKMARK [2][-]{subsection.113}{\376\377\0003\000.\0005\000.\0001\000\040\000G\000u\000s\000t\000\040\000R\000e\000s\000p\000o\000n\000s\000e}{section.112}% 37
\BOOKMARK [2][-]{subsection.121}{\376\377\0003\000.\0005\000.\0002\000\040\000T\000u\000r\000b\000u\000l\000e\000n\000t\000\040\000W\000i\000n\000d\000\040\000R\000e\000s\000p\000o\000n\000s\000e}{section.112}% 38
\BOOKMARK [1][-]{section.130}{\376\377\0003\000.\0006\000\040\000S\000e\000n\000s\000i\000t\000i\000v\000i\000t\000y\000\040\000t\000o\000\040\000E\000r\000r\000o\000r\000s\000\040\000i\000n\000\040\000F\000e\000e\000d\000\040\000F\000o\000r\000w\000a\000r\000d\000\040\000D\000a\000t\000a\000\040\000T\000i\000m\000i\000n\000g}{chapter.73}% 39
\BOOKMARK [1][-]{section.134}{\376\377\0003\000.\0007\000\040\000S\000u\000m\000m\000a\000r\000y\000\040\000a\000n\000d\000\040\000C\000o\000n\000c\000l\000u\000s\000i\000o\000n\000s}{chapter.73}% 40
\BOOKMARK [0][-]{chapter.135}{\376\377\0004\000\040\000T\000u\000r\000b\000i\000n\000e\000\040\000D\000e\000r\000a\000t\000i\000n\000g\000\040\000B\000a\000s\000e\000d\000\040\000o\000n\000\040\000F\000e\000e\000d\000\040\000F\000o\000r\000w\000a\000r\000d\000\040\000S\000i\000g\000n\000a\000l\000\040\000F\000r\000o\000m\000\040\000U\000p\000w\000i\000n\000d\000\040\000T\000u\000r\000b\000i\000n\000e}{}% 41
\BOOKMARK [1][-]{section.136}{\376\377\0004\000.\0001\000\040\000I\000n\000t\000r\000o\000d\000u\000c\000t\000i\000o\000n}{chapter.135}% 42
\BOOKMARK [1][-]{section.137}{\376\377\0004\000.\0002\000\040\000T\000u\000r\000b\000i\000n\000e\000\040\000D\000e\000r\000a\000t\000i\000n\000g}{chapter.135}% 43
\BOOKMARK [1][-]{section.144}{\376\377\0004\000.\0003\000\040\000E\000f\000f\000e\000c\000t\000\040\000o\000f\000\040\000D\000e\000r\000a\000t\000i\000n\000g\000\040\000o\000n\000\040\000D\000y\000n\000a\000m\000i\000c\000\040\000T\000u\000r\000b\000i\000n\000e\000\040\000R\000e\000s\000p\000o\000n\000s\000e}{chapter.135}% 44
\BOOKMARK [1][-]{section.150}{\376\377\0004\000.\0004\000\040\000T\000r\000a\000n\000s\000i\000t\000i\000o\000n\000i\000n\000g\000\040\000B\000e\000t\000w\000e\000e\000n\000\040\000R\000a\000t\000e\000d\000\040\000a\000d\000n\000\040\000D\000e\000r\000a\000t\000e\000d\000\040\000O\000p\000e\000r\000a\000t\000i\000o\000n}{chapter.135}% 45
\BOOKMARK [1][-]{section.161}{\376\377\0004\000.\0005\000\040\000C\000o\000n\000t\000r\000o\000l\000\040\000S\000y\000s\000t\000e\000m\000\040\000D\000e\000s\000i\000g\000n}{chapter.135}% 46
\BOOKMARK [1][-]{section.167}{\376\377\0004\000.\0006\000\040\000S\000y\000s\000t\000e\000m\000\040\000P\000e\000r\000f\000o\000r\000m\000a\000n\000c\000e}{chapter.135}% 47
\BOOKMARK [2][-]{subsection.168}{\376\377\0004\000.\0006\000.\0001\000\040\000R\000e\000s\000p\000o\000n\000s\000e\000\040\000t\000o\000\040\000I\000E\000C\000\040\000E\000x\000t\000r\000e\000m\000e\000\040\000O\000p\000e\000r\000a\000t\000i\000n\000g\000\040\000G\000u\000s\000t}{section.167}% 48
\BOOKMARK [2][-]{subsection.175}{\376\377\0004\000.\0006\000.\0002\000\040\000R\000e\000s\000p\000o\000n\000s\000e\000\040\000t\000o\000\040\000T\000u\000r\000b\000u\000l\000e\000n\000t\000\040\000W\000i\000n\000d\000\040\000W\000i\000t\000h\000\040\000L\000a\000r\000g\000e\000\040\000G\000u\000s\000t}{section.167}% 49
\BOOKMARK [1][-]{section.184}{\376\377\0004\000.\0007\000\040\000T\000u\000r\000b\000i\000n\000e\000\040\000U\000p\000r\000a\000t\000i\000n\000g\000\040\000b\000a\000s\000e\000d\000\040\000o\000n\000\040\000F\000e\000e\000d\000\040\000F\000o\000r\000w\000a\000r\000d\000\040\000S\000i\000g\000n\000a\000l\000\040\000F\000r\000o\000m\000\040\000a\000n\000\040\000U\000p\000w\000i\000n\000d\000\040\000T\000u\000r\000b\000i\000n\000e\000.}{chapter.135}% 50
\BOOKMARK [1][-]{section.185}{\376\377\0004\000.\0008\000\040\000C\000o\000n\000c\000l\000u\000s\000i\000o\000n\000s\000.}{chapter.135}% 51
\BOOKMARK [0][-]{appendix.186}{\376\377\000A\000\040\000F\000A\000S\000T\000\040\000s\000i\000m\000u\000l\000a\000t\000i\000o\000n\000\040\000i\000n\000p\000u\000t\000\040\000f\000i\000l\000e\000s}{}% 52
\BOOKMARK [0][-]{appendix.187}{\376\377\000B\000\040\000D\000a\000m\000a\000g\000e\000\040\000E\000q\000u\000i\000v\000a\000l\000e\000n\000t\000\040\000L\000o\000a\000d\000\040\000\050\000D\000E\000L\000\051\000\040\000C\000a\000l\000c\000u\000l\000a\000t\000i\000o\000n}{}% 53
\BOOKMARK [0][-]{dummy.196}{\376\377\000B\000i\000b\000l\000i\000o\000g\000r\000a\000p\000h\000y}{}% 54
