This is pdfTeX, Version 3.14159265-2.6-1.40.16 (TeX Live 2015) (preloaded format=pdflatex 2015.5.24)  22 APR 2017 22:13
entering extended mode
 restricted \write18 enabled.
 %&-line parsing enabled.
**ucdavisthesis_example_main.tex
(./ucdavisthesis_example_main.tex
LaTeX2e <2015/01/01>
Babel <3.9l> and hyphenation patterns for 79 languages loaded.
(/usr/local/texlive/2015/texmf-dist/tex/latex/ucdavisthesis/ucdavisthesis.cls
Document Class: ucdavisthesis 2013/08/18 v1.2 UCDavis thesis class
(/usr/local/texlive/2015/texmf-dist/tex/latex/base/ifthen.sty
Package: ifthen 2014/09/29 v1.1c Standard LaTeX ifthen package (DPC)
)
(/usr/local/texlive/2015/texmf-dist/tex/latex/ucdavisthesis/ucdthesis12.clo
File: ucdthesis12.clo 2009/02/22 v1.0 ucdavisthesis class 12pt size option
)
\c@part=\count79
\c@chapter=\count80
\c@section=\count81
\c@subsection=\count82
\c@subsubsection=\count83
\c@paragraph=\count84
\c@subparagraph=\count85
\bibindent=\dimen102
\abovecaptionskip=\skip41
\belowcaptionskip=\skip42
\c@figure=\count86
\c@table=\count87
\UMIfoliosep=\skip43
\c@UMIpagetemp=\count88
)
(/usr/local/texlive/2015/texmf-dist/tex/latex/datetime/datetime.sty
Package: datetime 2015/03/20 v2.60 Date Time Package

(/usr/local/texlive/2015/texmf-dist/tex/latex/etoolbox/etoolbox.sty
Package: etoolbox 2015/05/04 v2.2 e-TeX tools for LaTeX (JAW)
\etb@tempcnta=\count89
)
(/usr/local/texlive/2015/texmf-dist/tex/latex/fmtcount/fmtcount.sty
Package: fmtcount 2015/05/05 v3.01

(/usr/local/texlive/2015/texmf-dist/tex/latex/xkeyval/xkeyval.sty
Package: xkeyval 2014/12/03 v2.7a package option processing (HA)

(/usr/local/texlive/2015/texmf-dist/tex/generic/xkeyval/xkeyval.tex
(/usr/local/texlive/2015/texmf-dist/tex/generic/xkeyval/xkvutils.tex
\XKV@toks=\toks14
\XKV@tempa@toks=\toks15

(/usr/local/texlive/2015/texmf-dist/tex/generic/xkeyval/keyval.tex))
\XKV@depth=\count90
File: xkeyval.tex 2014/12/03 v2.7a key=value parser (HA)
))
(/usr/local/texlive/2015/texmf-dist/tex/latex/fmtcount/fcprefix.sty
Package: fcprefix 2012/09/28

(/usr/local/texlive/2015/texmf-dist/tex/latex/fmtcount/fcnumparser.sty
Package: fcnumparser 2012/09/28
\fc@digit@counter=\count91
))
(/usr/local/texlive/2015/texmf-dist/tex/generic/ifxetex/ifxetex.sty
Package: ifxetex 2010/09/12 v0.6 Provides ifxetex conditional
)
(/usr/local/texlive/2015/texmf-dist/tex/latex/amsmath/amsgen.sty
File: amsgen.sty 1999/11/30 v2.0
\@emptytoks=\toks16
\ex@=\dimen103
)
\c@padzeroesN=\count92
\fc@tmpcatcode=\count93
\@DT@modctr=\count94
\@ordinalctr=\count95
\@orgargctr=\count96
\@strctr=\count97
\@tmpstrctr=\count98
\@DT@loopN=\count99
\@DT@X=\count100

(/usr/local/texlive/2015/texmf-dist/tex/latex/fmtcount/fc-english.def
File: fc-english.def 2013/08/17
))
(/usr/local/texlive/2015/texmf-dist/tex/latex/datetime/datetime-defaults.sty
Package: datetime-defaults 2013/09/10
)
\@day=\count101
\@month=\count102
\@year=\count103
\c@HOUR=\count104
\c@HOURXII=\count105
\c@MINUTE=\count106
\c@TOHOUR=\count107
\c@TOMINUTE=\count108
\c@SECOND=\count109
\currenthour=\count110
\currentminute=\count111
\currentsecond=\count112
Package datetime Info: No datetime.cfg file found, using default settings on in
put line 308.
\@dtctr=\count113
\dayofyear=\count114
\dayofweek=\count115
LaTeX Info: Redefining \today on input line 736.
\dt@a=\toks17
\dt@b=\toks18
)
(/usr/local/texlive/2015/texmf-dist/tex/latex/graphics/graphicx.sty
Package: graphicx 2014/10/28 v1.0g Enhanced LaTeX Graphics (DPC,SPQR)

(/usr/local/texlive/2015/texmf-dist/tex/latex/graphics/graphics.sty
Package: graphics 2014/10/28 v1.0p Standard LaTeX Graphics (DPC,SPQR)

(/usr/local/texlive/2015/texmf-dist/tex/latex/graphics/trig.sty
Package: trig 1999/03/16 v1.09 sin cos tan (DPC)
)
(/usr/local/texlive/2015/texmf-dist/tex/latex/latexconfig/graphics.cfg
File: graphics.cfg 2010/04/23 v1.9 graphics configuration of TeX Live
)
Package graphics Info: Driver file: pdftex.def on input line 94.

(/usr/local/texlive/2015/texmf-dist/tex/latex/pdftex-def/pdftex.def
File: pdftex.def 2011/05/27 v0.06d Graphics/color for pdfTeX

(/usr/local/texlive/2015/texmf-dist/tex/generic/oberdiek/infwarerr.sty
Package: infwarerr 2010/04/08 v1.3 Providing info/warning/error messages (HO)
)
(/usr/local/texlive/2015/texmf-dist/tex/generic/oberdiek/ltxcmds.sty
Package: ltxcmds 2011/11/09 v1.22 LaTeX kernel commands for general use (HO)
)
\Gread@gobject=\count116
))
\Gin@req@height=\dimen104
\Gin@req@width=\dimen105
)
(/usr/local/texlive/2015/texmf-dist/tex/latex/base/fontenc.sty
Package: fontenc 2005/09/27 v1.99g Standard LaTeX package

(/usr/local/texlive/2015/texmf-dist/tex/latex/base/t1enc.def
File: t1enc.def 2005/09/27 v1.99g Standard LaTeX file
LaTeX Font Info:    Redeclaring font encoding T1 on input line 48.
))
(/usr/local/texlive/2015/texmf-dist/tex/latex/mathdesign/mathdesign.sty
Package: mathdesign 2013/08/29 v2.31 Math Design Project

(/usr/local/texlive/2015/texmf-dist/tex/latex/mathdesign/mdput/mdput.cfg)
(/usr/local/texlive/2015/texmf-dist/tex/latex/mathdesign/mdput/mdput.sty
Package: mdput 2013/08/29 v2.31 adobe utopia + mdput (Math Design Project)

(/usr/local/texlive/2015/texmf-dist/tex/latex/mathdesign/mdfont.def
File: mdfont.def 2013/08/29 v2.31 (Math Design Project)
)
(/usr/local/texlive/2015/texmf-dist/tex/latex/mathdesign/mdsffont.def
File: mdsffont.def 2013/08/29 v2.31 (Math Design Project)
)
(/usr/local/texlive/2015/texmf-dist/tex/latex/mathdesign/mdttfont.def
File: mdttfont.def 2013/08/29 v2.31 (Math Design Project)
)
\symmdcal=\mathgroup4
LaTeX Font Info:    Overwriting symbol font `mdcal' in version `bold'
(Font)                  OMS/mdput/m/n --> OMS/mdput/b/n on input line 97.
\symmdscr=\mathgroup5
LaTeX Font Info:    Overwriting symbol font `mdscr' in version `bold'
(Font)                  OMS/mdput/m/n --> OMS/mdput/b/n on input line 103.
LaTeX Font Info:    Overwriting math alphabet `\mathfrak' in version `bold'
(Font)                  U/xmdeuf/m/n --> U/xmdeuf/b/n on input line 110.
LaTeX Font Info:    Overwriting symbol font `operators' in version `normal'
(Font)                  OT1/cmr/m/n --> OT1/mdput/m/n on input line 121.
LaTeX Font Info:    Overwriting symbol font `letters' in version `normal'
(Font)                  OML/cmm/m/it --> OML/mdput/m/it on input line 122.
LaTeX Font Info:    Overwriting symbol font `symbols' in version `normal'
(Font)                  OMS/cmsy/m/n --> OMS/mdput/m/n on input line 123.
LaTeX Font Info:    Overwriting symbol font `largesymbols' in version `normal'
(Font)                  OMX/cmex/m/n --> OMX/mdput/m/n on input line 124.
LaTeX Font Info:    Overwriting symbol font `operators' in version `bold'
(Font)                  OT1/cmr/bx/n --> OT1/mdput/b/n on input line 126.
LaTeX Font Info:    Overwriting symbol font `letters' in version `bold'
(Font)                  OML/cmm/b/it --> OML/mdput/b/it on input line 127.
LaTeX Font Info:    Overwriting symbol font `symbols' in version `bold'
(Font)                  OMS/cmsy/b/n --> OMS/mdput/b/n on input line 128.
LaTeX Font Info:    Overwriting symbol font `largesymbols' in version `bold'
(Font)                  OMX/cmex/m/n --> OMX/mdput/b/n on input line 129.
LaTeX Font Info:    Overwriting math alphabet `\mathrm' in version `normal'
(Font)                  OT1/mdput/m/n --> T1/mdput/m/n on input line 131.
LaTeX Font Info:    Overwriting math alphabet `\mathbf' in version `normal'
(Font)                  OT1/cmr/bx/n --> T1/mdput/b/n on input line 132.
LaTeX Font Info:    Overwriting math alphabet `\mathit' in version `normal'
(Font)                  OT1/cmr/m/it --> T1/mdput/m/it on input line 133.
LaTeX Font Info:    Overwriting math alphabet `\mathsf' in version `normal'
(Font)                  OT1/cmss/m/n --> T1/cmss/m/n on input line 134.
LaTeX Font Info:    Overwriting math alphabet `\mathtt' in version `normal'
(Font)                  OT1/cmtt/m/n --> T1/cmtt/m/n on input line 135.
LaTeX Font Info:    Overwriting math alphabet `\mathrm' in version `bold'
(Font)                  OT1/mdput/b/n --> T1/mdput/b/n on input line 137.
LaTeX Font Info:    Overwriting math alphabet `\mathbf' in version `bold'
(Font)                  OT1/cmr/bx/n --> T1/mdput/b/n on input line 138.
LaTeX Font Info:    Overwriting math alphabet `\mathit' in version `bold'
(Font)                  OT1/cmr/bx/it --> T1/mdput/b/it on input line 139.
LaTeX Font Info:    Overwriting math alphabet `\mathsf' in version `bold'
(Font)                  OT1/cmss/bx/n --> T1/cmss/b/n on input line 140.
LaTeX Font Info:    Overwriting math alphabet `\mathtt' in version `bold'
(Font)                  OT1/cmtt/m/n --> T1/cmtt/b/n on input line 141.
\symlettersupright=\mathgroup6
LaTeX Font Info:    Overwriting symbol font `lettersupright' in version `bold'
(Font)                  OML/mdput/m/n --> OML/mdput/b/n on input line 144.
LaTeX Font Info:    Redeclaring math alphabet \mathrm on input line 145.
LaTeX Font Info:    Overwriting math alphabet `\mathcal' in version `normal'
(Font)                  OMS/mdput/m/n --> OMS/mdput/m/n on input line 167.
LaTeX Font Info:    Try loading font information for T1+mdput on input line 186
.

(/usr/local/texlive/2015/texmf-dist/tex/latex/mathdesign/mdput/t1mdput.fd
File: t1mdput.fd 2013/08/29 Fontinst v1.933 font definitions for T1/mdput.
)
LaTeX Font Info:    Font shape `T1/mdput/m/n' will be
(Font)              scaled to size 11.28003pt on input line 186.
LaTeX Font Info:    Redeclaring math accent \widetilde on input line 449.
LaTeX Font Info:    Redeclaring math accent \widehat on input line 450.
\symmathdesignA=\mathgroup7
LaTeX Font Info:    Overwriting symbol font `mathdesignA' in version `bold'
(Font)                  MDA/mdput/m/n --> MDA/mdput/b/n on input line 491.
\symmathdesignB=\mathgroup8
LaTeX Font Info:    Overwriting symbol font `mathdesignB' in version `bold'
(Font)                  MDB/mdput/m/n --> MDB/mdput/b/n on input line 498.
LaTeX Font Info:    Redeclaring math accent \widetilde on input line 532.
LaTeX Font Info:    Redeclaring math accent \widehat on input line 533.
\rulethickness=\skip44
)
(/usr/local/texlive/2015/texmf-dist/tex/latex/base/fontenc.sty
Package: fontenc 2005/09/27 v1.99g Standard LaTeX package

(/usr/local/texlive/2015/texmf-dist/tex/latex/base/t1enc.def
File: t1enc.def 2005/09/27 v1.99g Standard LaTeX file
LaTeX Font Info:    Redeclaring font encoding T1 on input line 48.
)))
(./ucdavisthesis_example_main.aux (./ucdavisthesis_example_Chap1.aux)
(./ucdavisthesis_example_Chap2.aux) (./ucdavisthesis_example_Chap3.aux))
\openout1 = `ucdavisthesis_example_main.aux'.

LaTeX Font Info:    Checking defaults for OML/cmm/m/it on input line 100.
LaTeX Font Info:    ... okay on input line 100.
LaTeX Font Info:    Checking defaults for T1/cmr/m/n on input line 100.
LaTeX Font Info:    ... okay on input line 100.
LaTeX Font Info:    Checking defaults for OT1/cmr/m/n on input line 100.
LaTeX Font Info:    ... okay on input line 100.
LaTeX Font Info:    Checking defaults for OMS/cmsy/m/n on input line 100.
LaTeX Font Info:    ... okay on input line 100.
LaTeX Font Info:    Checking defaults for OMX/cmex/m/n on input line 100.
LaTeX Font Info:    ... okay on input line 100.
LaTeX Font Info:    Checking defaults for U/cmr/m/n on input line 100.
LaTeX Font Info:    ... okay on input line 100.
LaTeX Font Info:    Checking defaults for MDA/cmr/m/n on input line 100.
LaTeX Font Info:    Try loading font information for MDA+cmr on input line 100.


(/usr/local/texlive/2015/texmf-dist/tex/latex/mathdesign/mdacmr.fd
File: mdacmr.fd 
)
LaTeX Font Info:    ... okay on input line 100.
LaTeX Font Info:    Checking defaults for MDB/cmr/m/n on input line 100.
LaTeX Font Info:    Try loading font information for MDB+cmr on input line 100.


(/usr/local/texlive/2015/texmf-dist/tex/latex/mathdesign/mdbcmr.fd
File: mdbcmr.fd 
)
LaTeX Font Info:    ... okay on input line 100.

(/usr/local/texlive/2015/texmf-dist/tex/context/base/supp-pdf.mkii
[Loading MPS to PDF converter (version 2006.09.02).]
\scratchcounter=\count117
\scratchdimen=\dimen106
\scratchbox=\box26
\nofMPsegments=\count118
\nofMParguments=\count119
\everyMPshowfont=\toks19
\MPscratchCnt=\count120
\MPscratchDim=\dimen107
\MPnumerator=\count121
\makeMPintoPDFobject=\count122
\everyMPtoPDFconversion=\toks20
) (/usr/local/texlive/2015/texmf-dist/tex/generic/oberdiek/pdftexcmds.sty
Package: pdftexcmds 2011/11/29 v0.20 Utility functions of pdfTeX for LuaTeX (HO
)

(/usr/local/texlive/2015/texmf-dist/tex/generic/oberdiek/ifluatex.sty
Package: ifluatex 2010/03/01 v1.3 Provides the ifluatex switch (HO)
Package ifluatex Info: LuaTeX not detected.
)
(/usr/local/texlive/2015/texmf-dist/tex/generic/oberdiek/ifpdf.sty
Package: ifpdf 2011/01/30 v2.3 Provides the ifpdf switch (HO)
Package ifpdf Info: pdfTeX in PDF mode is detected.
)
Package pdftexcmds Info: LuaTeX not detected.
Package pdftexcmds Info: \pdf@primitive is available.
Package pdftexcmds Info: \pdf@ifprimitive is available.
Package pdftexcmds Info: \pdfdraftmode found.
)
(/usr/local/texlive/2015/texmf-dist/tex/latex/oberdiek/epstopdf-base.sty
Package: epstopdf-base 2010/02/09 v2.5 Base part for package epstopdf

(/usr/local/texlive/2015/texmf-dist/tex/latex/oberdiek/grfext.sty
Package: grfext 2010/08/19 v1.1 Manage graphics extensions (HO)

(/usr/local/texlive/2015/texmf-dist/tex/generic/oberdiek/kvdefinekeys.sty
Package: kvdefinekeys 2011/04/07 v1.3 Define keys (HO)
))
(/usr/local/texlive/2015/texmf-dist/tex/latex/oberdiek/kvoptions.sty
Package: kvoptions 2011/06/30 v3.11 Key value format for package options (HO)

(/usr/local/texlive/2015/texmf-dist/tex/generic/oberdiek/kvsetkeys.sty
Package: kvsetkeys 2012/04/25 v1.16 Key value parser (HO)

(/usr/local/texlive/2015/texmf-dist/tex/generic/oberdiek/etexcmds.sty
Package: etexcmds 2011/02/16 v1.5 Avoid name clashes with e-TeX commands (HO)
Package etexcmds Info: Could not find \expanded.
(etexcmds)             That can mean that you are not using pdfTeX 1.50 or
(etexcmds)             that some package has redefined \expanded.
(etexcmds)             In the latter case, load this package earlier.
)))
Package grfext Info: Graphics extension search list:
(grfext)             [.png,.pdf,.jpg,.mps,.jpeg,.jbig2,.jb2,.PNG,.PDF,.JPG,.JPE
G,.JBIG2,.JB2,.eps]
(grfext)             \AppendGraphicsExtensions on input line 452.

(/usr/local/texlive/2015/texmf-dist/tex/latex/latexconfig/epstopdf-sys.cfg
File: epstopdf-sys.cfg 2010/07/13 v1.3 Configuration of (r)epstopdf for TeX Liv
e
))
LaTeX Font Info:    Font shape `T1/mdput/m/n' will be
(Font)              scaled to size 13.53603pt on input line 108.
LaTeX Font Info:    Font shape `T1/mdput/m/fsc' will be
(Font)              scaled to size 11.28003pt on input line 108.
LaTeX Font Info:    Font shape `T1/mdput/m/fsc' will be
(Font)              scaled to size 9.40002pt on input line 108.

[1{/usr/local/texlive/2015/texmf-var/fonts/map/pdftex/updmap/pdftex.map}


]
LaTeX Font Info:    Try loading font information for OMS+mdput on input line 10
8.

(/usr/local/texlive/2015/texmf-dist/tex/latex/mathdesign/mdput/omsmdput.fd
File: omsmdput.fd 2013/08/29 Fontinst v1.933 font definitions for OMS/mdput.
)
LaTeX Font Info:    Font shape `OMS/mdput/m/n' will be
(Font)              scaled to size 11.28003pt on input line 108.
LaTeX Font Info:    Font shape `T1/mdput/m/it' will be
(Font)              scaled to size 11.28003pt on input line 108.

[1

]
LaTeX Font Info:    Font shape `T1/mdput/m/sl' will be
(Font)              scaled to size 11.28003pt on input line 108.
 [2


design size mismatch in local font md-utro8t in virtual font mdputro8t.vf ignor
ed.]
LaTeX Font Info:    Font shape `T1/mdput/m/fsc' will be
(Font)              scaled to size 13.53603pt on input line 108.
 (./ucdavisthesis_example_main.toc
LaTeX Font Info:    Try loading font information for OT1+mdput on input line 1.


(/usr/local/texlive/2015/texmf-dist/tex/latex/mathdesign/mdput/ot1mdput.fd
File: ot1mdput.fd 2013/08/29 Fontinst v1.933 font definitions for OT1/mdput.
)
LaTeX Font Info:    Font shape `OT1/mdput/m/n' will be
(Font)              scaled to size 11.28003pt on input line 1.
LaTeX Font Info:    Font shape `OT1/mdput/m/n' will be
(Font)              scaled to size 7.52002pt on input line 1.
LaTeX Font Info:    Font shape `OT1/mdput/m/n' will be
(Font)              scaled to size 5.64001pt on input line 1.
LaTeX Font Info:    Try loading font information for OML+mdput on input line 1.


(/usr/local/texlive/2015/texmf-dist/tex/latex/mathdesign/mdput/omlmdput.fd
File: omlmdput.fd 2013/08/29 Fontinst v1.933 font definitions for OML/mdput.
)
LaTeX Font Info:    Font shape `OML/mdput/m/it' will be
(Font)              scaled to size 11.28003pt on input line 1.
LaTeX Font Info:    Font shape `OML/mdput/m/it' will be
(Font)              scaled to size 7.52002pt on input line 1.
LaTeX Font Info:    Font shape `OML/mdput/m/it' will be
(Font)              scaled to size 5.64001pt on input line 1.
LaTeX Font Info:    Font shape `OMS/mdput/m/n' will be
(Font)              scaled to size 7.52002pt on input line 1.
LaTeX Font Info:    Font shape `OMS/mdput/m/n' will be
(Font)              scaled to size 5.64001pt on input line 1.
LaTeX Font Info:    Try loading font information for OMX+mdput on input line 1.


(/usr/local/texlive/2015/texmf-dist/tex/latex/mathdesign/mdput/omxmdput.fd
File: omxmdput.fd 2013/08/29 Fontinst v1.933 font definitions for OMX/mdput.
)
LaTeX Font Info:    Font shape `OMX/mdput/m/n' will be
(Font)              scaled to size 11.28003pt on input line 1.
LaTeX Font Info:    Font shape `OMX/mdput/m/n' will be
(Font)              scaled to size 7.52002pt on input line 1.
LaTeX Font Info:    Font shape `OMX/mdput/m/n' will be
(Font)              scaled to size 5.64001pt on input line 1.
LaTeX Font Info:    Font shape `OML/mdput/m/n' will be
(Font)              scaled to size 11.28003pt on input line 1.
LaTeX Font Info:    Font shape `OML/mdput/m/n' will be
(Font)              scaled to size 7.52002pt on input line 1.
LaTeX Font Info:    Font shape `OML/mdput/m/n' will be
(Font)              scaled to size 5.64001pt on input line 1.
LaTeX Font Info:    Try loading font information for MDA+mdput on input line 1.


(/usr/local/texlive/2015/texmf-dist/tex/latex/mathdesign/mdput/mdamdput.fd
File: mdamdput.fd 2013/08/29 Fontinst v1.933 font definitions for MDA/mdput.
)
LaTeX Font Info:    Font shape `MDA/mdput/m/n' will be
(Font)              scaled to size 11.28003pt on input line 1.
LaTeX Font Info:    Font shape `MDA/mdput/m/n' will be
(Font)              scaled to size 7.52002pt on input line 1.
LaTeX Font Info:    Font shape `MDA/mdput/m/n' will be
(Font)              scaled to size 5.64001pt on input line 1.
LaTeX Font Info:    Try loading font information for MDB+mdput on input line 1.


(/usr/local/texlive/2015/texmf-dist/tex/latex/mathdesign/mdput/mdbmdput.fd
File: mdbmdput.fd 2013/08/29 Fontinst v1.933 font definitions for MDB/mdput.
)
LaTeX Font Info:    Font shape `MDB/mdput/m/n' will be
(Font)              scaled to size 11.28003pt on input line 1.
LaTeX Font Info:    Font shape `MDB/mdput/m/n' will be
(Font)              scaled to size 7.52002pt on input line 1.
LaTeX Font Info:    Font shape `MDB/mdput/m/n' will be
(Font)              scaled to size 5.64001pt on input line 1.
LaTeX Font Info:    Font shape `T1/mdput/b/n' will be
(Font)              scaled to size 11.28003pt on input line 5.

[3

])
\tf@toc=\write3
\openout3 = `ucdavisthesis_example_main.toc'.

 [4] (./ucdavisthesis_example_main.lof)
\tf@lof=\write4
\openout4 = `ucdavisthesis_example_main.lof'.

 [5

]
(./ucdavisthesis_example_main.lot)
\tf@lot=\write5
\openout5 = `ucdavisthesis_example_main.lot'.

 [6

] [7

] [8]
\openout2 = `ucdavisthesis_example_Chap1.aux'.


(./ucdavisthesis_example_Chap1.tex
Chapter 1.
LaTeX Font Info:    Font shape `T1/mdput/b/n' will be
(Font)              scaled to size 28.06847pt on input line 1.
LaTeX Font Info:    Font shape `T1/mdput/b/n' will be
(Font)              scaled to size 23.38725pt on input line 1.
LaTeX Font Info:    Font shape `T1/mdput/m/n' will be
(Font)              scaled to size 7.52002pt on input line 3.
LaTeX Font Info:    Font shape `T1/mdput/m/n' will be
(Font)              scaled to size 9.40002pt on input line 3.
LaTeX Font Info:    Font shape `OT1/mdput/m/n' will be
(Font)              scaled to size 9.40002pt on input line 3.
LaTeX Font Info:    Font shape `OT1/mdput/m/n' will be
(Font)              scaled to size 6.58002pt on input line 3.
LaTeX Font Info:    Font shape `OT1/mdput/m/n' will be
(Font)              scaled to size 4.70001pt on input line 3.
LaTeX Font Info:    Font shape `OML/mdput/m/it' will be
(Font)              scaled to size 9.40002pt on input line 3.
LaTeX Font Info:    Font shape `OML/mdput/m/it' will be
(Font)              scaled to size 6.58002pt on input line 3.
LaTeX Font Info:    Font shape `OML/mdput/m/it' will be
(Font)              scaled to size 4.70001pt on input line 3.
LaTeX Font Info:    Font shape `OMS/mdput/m/n' will be
(Font)              scaled to size 9.40002pt on input line 3.
LaTeX Font Info:    Font shape `OMS/mdput/m/n' will be
(Font)              scaled to size 6.58002pt on input line 3.
LaTeX Font Info:    Font shape `OMS/mdput/m/n' will be
(Font)              scaled to size 4.70001pt on input line 3.
LaTeX Font Info:    Font shape `OMX/mdput/m/n' will be
(Font)              scaled to size 9.40002pt on input line 3.
LaTeX Font Info:    Font shape `OMX/mdput/m/n' will be
(Font)              scaled to size 6.58002pt on input line 3.
LaTeX Font Info:    Font shape `OMX/mdput/m/n' will be
(Font)              scaled to size 4.70001pt on input line 3.
LaTeX Font Info:    Font shape `OML/mdput/m/n' will be
(Font)              scaled to size 9.40002pt on input line 3.
LaTeX Font Info:    Font shape `OML/mdput/m/n' will be
(Font)              scaled to size 6.58002pt on input line 3.
LaTeX Font Info:    Font shape `OML/mdput/m/n' will be
(Font)              scaled to size 4.70001pt on input line 3.
LaTeX Font Info:    Font shape `MDA/mdput/m/n' will be
(Font)              scaled to size 9.40002pt on input line 3.
LaTeX Font Info:    Font shape `MDA/mdput/m/n' will be
(Font)              scaled to size 6.58002pt on input line 3.
LaTeX Font Info:    Font shape `MDA/mdput/m/n' will be
(Font)              scaled to size 4.70001pt on input line 3.
LaTeX Font Info:    Font shape `MDB/mdput/m/n' will be
(Font)              scaled to size 9.40002pt on input line 3.
LaTeX Font Info:    Font shape `MDB/mdput/m/n' will be
(Font)              scaled to size 6.58002pt on input line 3.
LaTeX Font Info:    Font shape `MDB/mdput/m/n' will be
(Font)              scaled to size 4.70001pt on input line 3.
LaTeX Font Info:    Font shape `T1/mdput/m/n' will be
(Font)              scaled to size 6.58002pt on input line 3.
LaTeX Font Info:    Font shape `T1/cmtt/m/n' will be
(Font)              scaled to size 10.70007pt on input line 3.
LaTeX Font Info:    Font shape `T1/mdput/b/n' will be
(Font)              scaled to size 16.24324pt on input line 14.
[1


]
LaTeX Font Info:    Font shape `T1/mdput/b/n' will be
(Font)              scaled to size 13.53603pt on input line 20.


LaTeX Warning: Citation `Gibaldi:80' on page 2 undefined on input line 24.


LaTeX Warning: Citation `Strunk:00' on page 2 undefined on input line 24.


LaTeX Warning: Citation `UoCPress:03' on page 2 undefined on input line 24.


Overfull \hbox (0.66023pt too wide) in paragraph at lines 39--40
[]\T1/mdput/m/n/12 A ti-tle/signature page which will in-clude a sig-na-ture li
ne above each com-mit-tee mem-|
 []

[2] [3]) [4]
\openout2 = `ucdavisthesis_example_Chap2.aux'.

 (./ucdavisthesis_example_Chap2.tex
Chapter 2.

Overfull \hbox (0.18494pt too wide) in paragraph at lines 20--21
\T1/mdput/m/n/12 Consult the ETD web-site guide-lines for up-load-ing sup-ple-m
en-tal files with your man-u-script. |
 []

[5



] [6] [7] [8]) [9]
\openout2 = `ucdavisthesis_example_Chap3.aux'.

 (./ucdavisthesis_example_Chap3.tex
Chapter 3.

Overfull \hbox (1.21361pt too wide) in paragraph at lines 7--7
[]\T1/mdput/b/n/17.28 First Sec-tion Ti-tle -- A Par-tic-u-larly Long Sec-tion 
Ti-tle with|
 []

[10



]
LaTeX Font Info:    Font shape `T1/mdput/m/n' will be
(Font)              scaled to size 10.29301pt on input line 48.
LaTeX Font Info:    Font shape `OT1/mdput/m/n' will be
(Font)              scaled to size 10.29301pt on input line 48.
LaTeX Font Info:    Font shape `OML/mdput/m/it' will be
(Font)              scaled to size 10.29301pt on input line 48.
LaTeX Font Info:    Font shape `OMS/mdput/m/n' will be
(Font)              scaled to size 10.29301pt on input line 48.
LaTeX Font Info:    Font shape `OMX/mdput/m/n' will be
(Font)              scaled to size 10.29301pt on input line 48.
LaTeX Font Info:    Font shape `OML/mdput/m/n' will be
(Font)              scaled to size 10.29301pt on input line 48.
LaTeX Font Info:    Font shape `MDA/mdput/m/n' will be
(Font)              scaled to size 10.29301pt on input line 48.
LaTeX Font Info:    Font shape `MDB/mdput/m/n' will be
(Font)              scaled to size 10.29301pt on input line 48.
 <ucdavisthesis_example_figure.pdf, id=71, 247.92625pt x 247.92625pt>
File: ucdavisthesis_example_figure.pdf Graphic file (type pdf)

<use ucdavisthesis_example_figure.pdf>
Package pdftex.def Info: ucdavisthesis_example_figure.pdf used on input line 77
.
(pdftex.def)             Requested size: 247.92564pt x 247.92564pt.
 [11]
File: ucdavisthesis_example_figure.pdf Graphic file (type pdf)

<use ucdavisthesis_example_figure.pdf>
Package pdftex.def Info: ucdavisthesis_example_figure.pdf used on input line 90
.
(pdftex.def)             Requested size: 36.135pt x 36.13185pt.
 [12 <./ucdavisthesis_example_figure.pdf>]) [13]
No file ucdavisthesis_example_main.bbl.
(./ucdavisthesis_example_main.aux (./ucdavisthesis_example_Chap1.aux)
(./ucdavisthesis_example_Chap2.aux) (./ucdavisthesis_example_Chap3.aux))

LaTeX Warning: There were undefined references.

 ) 
Here is how much of TeX's memory you used:
 4394 strings out of 493089
 63126 string characters out of 6134842
 124545 words of memory out of 5000000
 7717 multiletter control sequences out of 15000+600000
 166482 words of font info for 113 fonts, out of 8000000 for 9000
 1145 hyphenation exceptions out of 8191
 38i,8n,35p,1029b,270s stack positions out of 5000i,500n,10000p,200000b,80000s
{/usr/local/texlive/2015/texmf-dist/fonts/enc/dvips/cm-super/cm-super-t1.enc}
{/usr/local/texlive/2015/texmf-dist/fonts/enc/dvips/ly1/texnansi.enc}</usr/loca
l/texlive/2015/texmf-dist/fonts/type1/public/mathdesign/mdput/md-utb8t.pfb></us
r/local/texlive/2015/texmf-dist/fonts/type1/public/mathdesign/mdput/md-utr7y.pf
b></usr/local/texlive/2015/texmf-dist/fonts/type1/public/mathdesign/mdput/md-ut
r8t.pfb></usr/local/texlive/2015/texmf-dist/fonts/type1/adobe/utopia/putb8a.pfb
></usr/local/texlive/2015/texmf-dist/fonts/type1/adobe/utopia/putr8a.pfb></usr/
local/texlive/2015/texmf-dist/fonts/type1/adobe/utopia/putr8a.pfb></usr/local/t
exlive/2015/texmf-dist/fonts/type1/adobe/utopia/putri8a.pfb></usr/local/texlive
/2015/texmf-dist/fonts/type1/public/cm-super/sftt1000.pfb>
Output written on ucdavisthesis_example_main.pdf (22 pages, 554776 bytes).
PDF statistics:
 121 PDF objects out of 1000 (max. 8388607)
 83 compressed objects within 1 object stream
 0 named destinations out of 1000 (max. 500000)
 6 words of extra memory for PDF output out of 10000 (max. 10000000)

